#
# There is insufficient memory for the Java Runtime Environment to continue.
# Native memory allocation (mmap) failed to map 132120576 bytes for G1 virtual space
# Possible reasons:
#   The system is out of physical RAM or swap space
#   The process is running with CompressedOops enabled, and the Java Heap may be blocking the growth of the native heap
# Possible solutions:
#   Reduce memory load on the system
#   Increase physical memory or swap space
#   Check if swap backing store is full
#   Decrease Java heap size (-Xmx/-Xms)
#   Decrease number of Java threads
#   Decrease Java thread stack sizes (-Xss)
#   Set larger code cache with -XX:ReservedCodeCacheSize=
#   JVM is running with Unscaled Compressed Oops mode in which the Java heap is
#     placed in the first 4GB address space. The Java Heap base address is the
#     maximum limit for the native heap growth. Please use -XX:HeapBaseMinAddress
#     to set the Java Heap base and to place the Java Heap above 4GB virtual address.
# This output file may be truncated or incomplete.
#
#  Out of Memory Error (./open/src/hotspot/os/windows/os_windows.cpp:3321), pid=22004, tid=30744
#
# JRE version:  (15.0.2+7) (build )
# Java VM: OpenJDK 64-Bit Server VM (15.0.2+7-27, mixed mode, sharing, tiered, compressed oops, g1 gc, windows-amd64)
# No core dump will be written. Minidumps are not enabled by default on client versions of Windows
#

---------------  S U M M A R Y ------------

Command Line: -Dfile.encoding=Cp1252 -XX:+ShowCodeDetailsInExceptionMessages cryptoTrader.gui.MainUI

Host: Intel(R) Core(TM) i5-10300H CPU @ 2.50GHz, 8 cores, 7G,  Windows 10 , 64 bit Build 19041 (10.0.19041.1566)
Time: Wed Apr  6 22:44:15 2022 Eastern Daylight Time elapsed time: 0.011161 seconds (0d 0h 0m 0s)

---------------  T H R E A D  ---------------

Current thread (0x00000136b4cf1720):  JavaThread "Unknown thread" [_thread_in_vm, id=30744, stack(0x00000012d6a00000,0x00000012d6b00000)]

Stack: [0x00000012d6a00000,0x00000012d6b00000]
Native frames: (J=compiled Java code, j=interpreted, Vv=VM code, C=native code)
V  [jvm.dll+0x62ae9a]
V  [jvm.dll+0x7817a9]
V  [jvm.dll+0x782f03]
V  [jvm.dll+0x783563]
V  [jvm.dll+0x216325]
V  [jvm.dll+0x6281d9]
V  [jvm.dll+0x61cf55]
V  [jvm.dll+0x2cffdd]
V  [jvm.dll+0x2cfe42]
V  [jvm.dll+0x2d5e1c]
V  [jvm.dll+0x32590a]
V  [jvm.dll+0x324fd4]
V  [jvm.dll+0x2a6f5a]
V  [jvm.dll+0x2a80f8]
V  [jvm.dll+0x75e241]
V  [jvm.dll+0x3341c4]
V  [jvm.dll+0x73e926]
V  [jvm.dll+0x3b7557]
V  [jvm.dll+0x3b8fe1]
C  [jli.dll+0x52fb]
C  [ucrtbase.dll+0x21bb2]
C  [KERNEL32.DLL+0x17034]
C  [ntdll.dll+0x52651]


---------------  P R O C E S S  ---------------

Threads class SMR info:
_java_thread_list=0x00007ffb18b04ff0, length=0, elements={
}

Java Threads: ( => current thread )

Other Threads:
  0x00000136b4d2ff00 GCTaskThread "GC Thread#0" [stack: 0x00000012d6b00000,0x00000012d6c00000] [id=22716]
  0x00000136b4d42300 ConcurrentGCThread "G1 Main Marker" [stack: 0x00000012d6c00000,0x00000012d6d00000] [id=25644]
  0x00000136b4d43f00 ConcurrentGCThread "G1 Conc#0" [stack: 0x00000012d6d00000,0x00000012d6e00000] [id=19008]

[error occurred during error reporting (printing all threads), id 0xc0000005, EXCEPTION_ACCESS_VIOLATION (0xc0000005) at pc=0x00007ffb182f7e27]

VM state: not at safepoint (not fully initialized)

VM Mutex/Monitor currently owned by a thread:  ([mutex/lock_event])
[0x00000136b4cedd90] Heap_lock - owner thread: 0x00000136b4cf1720

Heap address: 0x0000000083400000, size: 1996 MB, Compressed Oops mode: 32-bit
CDS archive(s) mapped at: [0x0000000000000000-0x0000000000000000-0x0000000000000000), size 0, SharedBaseAddress: 0x0000000800000000, ArchiveRelocationMode: 0.
Narrow klass base: 0x0000000000000000, Narrow klass shift: 0, Narrow klass range: 0x0

Heap:
 garbage-first heap   total 129024K, used 0K [0x0000000083400000, 0x0000000100000000)
  region size 1024K, 0 young (0K), 0 survivors (0K)
 Metaspace       used 0K, capacity 0K, committed 0K, reserved 0K
  class space    used 0K, capacity 0K, committed 0K, reserved 0K

Heap Regions: E=young(eden), S=young(survivor), O=old, HS=humongous(starts), HC=humongous(continues), CS=collection set, F=free, OA=open archive, CA=closed archive, TAMS=top-at-mark-start (previous, next)

Card table byte_map: [0x00000136c7e30000,0x00000136c8220000] _byte_map_base: 0x00000136c7a16000

Marking Bits (Prev, Next): (CMBitMap*) 0x00000136b4d31780, (CMBitMap*) 0x00000136b4d317c0
 Prev Bits: [0x00000136c8610000, 0x00000136ca540000)
 Next Bits: [0x00000136ca540000, 0x00000136cc470000)

GC Heap History (0 events):
No events

Deoptimization events (0 events):
No events

Classes unloaded (0 events):
No events

Classes redefined (0 events):
No events

Internal exceptions (0 events):
No events

Events (1 events):
Event: 0.006 Loaded shared library C:\Users\Andre\.p2\pool\plugins\org.eclipse.justj.openjdk.hotspot.jre.full.win32.x86_64_15.0.2.v20210201-0955\jre\bin\java.dll


Dynamic libraries:
0x00007ff7543c0000 - 0x00007ff7543cd000 	C:\Users\Andre\.p2\pool\plugins\org.eclipse.justj.openjdk.hotspot.jre.full.win32.x86_64_15.0.2.v20210201-0955\jre\bin\javaw.exe
0x00007ffb83070000 - 0x00007ffb83265000 	C:\WINDOWS\SYSTEM32\ntdll.dll
0x00007ffb82da0000 - 0x00007ffb82e5e000 	C:\WINDOWS\System32\KERNEL32.DLL
0x00007ffb80790000 - 0x00007ffb80a58000 	C:\WINDOWS\System32\KERNELBASE.dll
0x00007ffb80b00000 - 0x00007ffb80c00000 	C:\WINDOWS\System32\ucrtbase.dll
0x00007ffb736c0000 - 0x00007ffb736d8000 	C:\Users\Andre\.p2\pool\plugins\org.eclipse.justj.openjdk.hotspot.jre.full.win32.x86_64_15.0.2.v20210201-0955\jre\bin\jli.dll
0x00007ffb6eda0000 - 0x00007ffb6edb9000 	C:\Users\Andre\.p2\pool\plugins\org.eclipse.justj.openjdk.hotspot.jre.full.win32.x86_64_15.0.2.v20210201-0955\jre\bin\VCRUNTIME140.dll
0x00007ffb81c80000 - 0x00007ffb81e20000 	C:\WINDOWS\System32\USER32.dll
0x00007ffb74600000 - 0x00007ffb7489a000 	C:\WINDOWS\WinSxS\amd64_microsoft.windows.common-controls_6595b64144ccf1df_6.0.19041.1110_none_60b5254171f9507e\COMCTL32.dll
0x00007ffb80ff0000 - 0x00007ffb81012000 	C:\WINDOWS\System32\win32u.dll
0x00007ffb81240000 - 0x00007ffb812de000 	C:\WINDOWS\System32\msvcrt.dll
0x00007ffb812e0000 - 0x00007ffb8130b000 	C:\WINDOWS\System32\GDI32.dll
0x00007ffb80c00000 - 0x00007ffb80d0b000 	C:\WINDOWS\System32\gdi32full.dll
0x00007ffb80a60000 - 0x00007ffb80afd000 	C:\WINDOWS\System32\msvcp_win.dll
0x00007ffb81fe0000 - 0x00007ffb82010000 	C:\WINDOWS\System32\IMM32.DLL
0x00007ffb74110000 - 0x00007ffb7411c000 	C:\Users\Andre\.p2\pool\plugins\org.eclipse.justj.openjdk.hotspot.jre.full.win32.x86_64_15.0.2.v20210201-0955\jre\bin\vcruntime140_1.dll
0x00007ffb37c40000 - 0x00007ffb37cd1000 	C:\Users\Andre\.p2\pool\plugins\org.eclipse.justj.openjdk.hotspot.jre.full.win32.x86_64_15.0.2.v20210201-0955\jre\bin\msvcp140.dll
0x00007ffb18040000 - 0x00007ffb18b9e000 	C:\Users\Andre\.p2\pool\plugins\org.eclipse.justj.openjdk.hotspot.jre.full.win32.x86_64_15.0.2.v20210201-0955\jre\bin\server\jvm.dll
0x00007ffb822d0000 - 0x00007ffb8237e000 	C:\WINDOWS\System32\ADVAPI32.dll
0x00007ffb82f90000 - 0x00007ffb8302c000 	C:\WINDOWS\System32\sechost.dll
0x00007ffb82010000 - 0x00007ffb82135000 	C:\WINDOWS\System32\RPCRT4.dll
0x00007ffb81e20000 - 0x00007ffb81e28000 	C:\WINDOWS\System32\PSAPI.DLL
0x00007ffb689d0000 - 0x00007ffb689d9000 	C:\WINDOWS\SYSTEM32\WSOCK32.dll
0x00007ffb68980000 - 0x00007ffb689a7000 	C:\WINDOWS\SYSTEM32\WINMM.dll
0x00007ffb7f5a0000 - 0x00007ffb7f5aa000 	C:\WINDOWS\SYSTEM32\VERSION.dll
0x00007ffb82380000 - 0x00007ffb823eb000 	C:\WINDOWS\System32\WS2_32.dll
0x00007ffb7f560000 - 0x00007ffb7f572000 	C:\WINDOWS\SYSTEM32\kernel.appcore.dll
0x00007ffb6e680000 - 0x00007ffb6e68a000 	C:\Users\Andre\.p2\pool\plugins\org.eclipse.justj.openjdk.hotspot.jre.full.win32.x86_64_15.0.2.v20210201-0955\jre\bin\jimage.dll
0x00007ffb7dd50000 - 0x00007ffb7df34000 	C:\WINDOWS\SYSTEM32\DBGHELP.DLL
0x00007ffb72f40000 - 0x00007ffb72f6c000 	C:\WINDOWS\SYSTEM32\dbgcore.DLL
0x00007ffb80e00000 - 0x00007ffb80e82000 	C:\WINDOWS\System32\bcryptPrimitives.dll
0x00007ffb6df20000 - 0x00007ffb6df45000 	C:\Users\Andre\.p2\pool\plugins\org.eclipse.justj.openjdk.hotspot.jre.full.win32.x86_64_15.0.2.v20210201-0955\jre\bin\java.dll

dbghelp: loaded successfully - version: 4.0.5 - missing functions: none
symbol engine: initialized successfully - sym options: 0x614 - pdb path: .;C:\Users\Andre\.p2\pool\plugins\org.eclipse.justj.openjdk.hotspot.jre.full.win32.x86_64_15.0.2.v20210201-0955\jre\bin;C:\WINDOWS\SYSTEM32;C:\WINDOWS\WinSxS\amd64_microsoft.windows.common-controls_6595b64144ccf1df_6.0.19041.1110_none_60b5254171f9507e;C:\Users\Andre\.p2\pool\plugins\org.eclipse.justj.openjdk.hotspot.jre.full.win32.x86_64_15.0.2.v20210201-0955\jre\bin\server

VM Arguments:
jvm_args: -Dfile.encoding=Cp1252 -XX:+ShowCodeDetailsInExceptionMessages 
java_command: cryptoTrader.gui.MainUI
java_class_path (initial): C:\Users\Andre\OneDrive\Documents\GitHub\CS2212\cryptoTrader\target\classes;C:\Users\Andre\.m2\repository\org\jdatepicker\jdatepicker\1.3.4\jdatepicker-1.3.4.jar;C:\Users\Andre\.m2\repository\org\jfree\jfreechart\1.5.0\jfreechart-1.5.0.jar;C:\Users\Andre\.m2\repository\com\google\code\gson\gson\2.2.2\gson-2.2.2.jar;C:\Users\Andre\.m2\repository\com\yahoofinance-api\YahooFinanceAPI\3.15.0\YahooFinanceAPI-3.15.0.jar;C:\Users\Andre\.m2\repository\org\slf4j\slf4j-api\1.7.25\slf4j-api-1.7.25.jar;C:\Users\Andre\.m2\repository\com\fasterxml\jackson\core\jackson-databind\2.9.8\jackson-databind-2.9.8.jar;C:\Users\Andre\.m2\repository\com\fasterxml\jackson\core\jackson-annotations\2.9.0\jackson-annotations-2.9.0.jar;C:\Users\Andre\.m2\repository\com\fasterxml\jackson\core\jackson-core\2.9.8\jackson-core-2.9.8.jar
Launcher Type: SUN_STANDARD

[Global flags]
     intx CICompilerCount                          = 4                                         {product} {ergonomic}
     uint ConcGCThreads                            = 2                                         {product} {ergonomic}
     uint G1ConcRefinementThreads                  = 8                                         {product} {ergonomic}
   size_t G1HeapRegionSize                         = 1048576                                   {product} {ergonomic}
    uintx GCDrainStackTargetSize                   = 64                                        {product} {ergonomic}
   size_t InitialHeapSize                          = 132120576                                 {product} {ergonomic}
   size_t MarkStackSize                            = 4194304                                   {product} {ergonomic}
   size_t MaxHeapSize                              = 2092957696                                {product} {ergonomic}
   size_t MinHeapDeltaBytes                        = 1048576                                   {product} {ergonomic}
   size_t MinHeapSize                              = 8388608                                   {product} {ergonomic}
    uintx NonNMethodCodeHeapSize                   = 5839372                                {pd product} {ergonomic}
    uintx NonProfiledCodeHeapSize                  = 122909434                              {pd product} {ergonomic}
    uintx ProfiledCodeHeapSize                     = 122909434                              {pd product} {ergonomic}
    uintx ReservedCodeCacheSize                    = 251658240                              {pd product} {ergonomic}
     bool SegmentedCodeCache                       = true                                      {product} {ergonomic}
     bool ShowCodeDetailsInExceptionMessages       = true                                   {manageable} {command line}
   size_t SoftMaxHeapSize                          = 2092957696                             {manageable} {ergonomic}
     bool UseCompressedClassPointers               = true                                 {lp64_product} {ergonomic}
     bool UseCompressedOops                        = true                                 {lp64_product} {ergonomic}
     bool UseG1GC                                  = true                                      {product} {ergonomic}
     bool UseLargePagesIndividualAllocation        = false                                  {pd product} {ergonomic}

Logging:
Log output configuration:
 #0: stdout all=warning uptime,level,tags
 #1: stderr all=off uptime,level,tags

Environment Variables:
PATH=C:/Users/Andre/.p2/pool/plugins/org.eclipse.justj.openjdk.hotspot.jre.full.win32.x86_64_15.0.2.v20210201-0955/jre/bin/server;C:/Users/Andre/.p2/pool/plugins/org.eclipse.justj.openjdk.hotspot.jre.full.win32.x86_64_15.0.2.v20210201-0955/jre/bin;C:\Windows\system32;C:\Windows;C:\Windows\System32\Wbem;C:\Windows\System32\WindowsPowerShell\v1.0\;C:\Windows\System32\OpenSSH\;C:\Program Files (x86)\NVIDIA Corporation\PhysX\Common;C:\Program Files\NVIDIA Corporation\NVIDIA NvDLISR;C:\WINDOWS\system32;C:\WINDOWS;C:\WINDOWS\System32\Wbem;C:\WINDOWS\System32\WindowsPowerShell\v1.0\;C:\WINDOWS\System32\OpenSSH\;C:\Program Files\Git\cmd;C:\Program Files\nodejs\;C:\Program Files\Docker\Docker\resources\bin;C:\ProgramData\DockerDesktop\version-bin;C:\Users\Andre\AppData\Local\Programs\Python\Python39;C:\Users\Andre\AppData\Local\Programs\Python\Python39\Scripts;C:\Program Files\PuTTY\;C:\Program Files (x86)\dotnet\;C:\Users\Andre\AppData\Roaming\TinyTeX\bin\win32;C:\Users\Andre\AppData\Local\Programs\Python\Python39\Scripts\;C:\Users\Andre\AppData\Local\Programs\Python\Python39\;C:\Users\Andre\AppData\Local\Microsoft\WindowsApps;C:\Users\Andre\AppData\Local\Programs\Microsoft VS Code\bin;C:\Users\Andre\AppData\Local\GitHubDesktop\bin;C:\Users\Andre\AppData\Roaming\npm;C:\Users\Andre\AppData\Local\Programs\Python\Python39\Scripts;C:\Users\Andre\AppData\Local\Programs\MiKTeX\miktex\bin\x64\;C:\Users\Andre\eclipse\java-2020-12\eclipse;
USERNAME=Andre
OS=Windows_NT
PROCESSOR_IDENTIFIER=Intel64 Family 6 Model 165 Stepping 2, GenuineIntel



---------------  S Y S T E M  ---------------

OS:
 Windows 10 , 64 bit Build 19041 (10.0.19041.1566)
OS uptime: 22 days 0:16 hours
HyperV virtualization detected

CPU: total 8 (initial active 8) (4 cores per cpu, 2 threads per core) family 6 model 165 stepping 2 microcode 0xc8, cmov, cx8, fxsr, mmx, sse, sse2, sse3, ssse3, sse4.1, sse4.2, popcnt, vzeroupper, avx, avx2, aes, clmul, erms, 3dnowpref, lzcnt, ht, tsc, tscinvbit, bmi1, bmi2, adx, fma, clflush, clflushopt

Memory: 4k page, system-wide physical 7979M (283M free)
TotalPageFile size 32555M (AvailPageFile size 91M)
current process WorkingSet (physical memory assigned to process): 10M, peak: 10M
current process commit charge ("private bytes"): 60M, peak: 186M

vm_info: OpenJDK 64-Bit Server VM (15.0.2+7-27) for windows-amd64 JRE (15.0.2+7-27), built on Dec  7 2020 20:02:38 by "mach5one" with unknown MS VC++:1925

END.
